DEBUG:py4j.java_gateway:GatewayClient.port is deprecated and will be removed in version 1.0. Use GatewayParameters instead.
DEBUG:py4j.java_gateway:JavaGateway.auto_convert is deprecated and will be removed in version 1.0. Use GatewayParameters instead.
DEBUG:py4j.java_gateway:JavaGateway.gateway_client is deprecated and will be removed in version 1.0. Use GatewayParameters instead.
DEBUG:py4j.java_gateway:Command to send: j
i
rj
org.apache.spark.SparkConf
e

DEBUG:py4j.java_gateway:Answer received: !yv
DEBUG:py4j.java_gateway:Command to send: j
i
rj
org.apache.spark.api.java.*
e

DEBUG:py4j.java_gateway:Answer received: !yv
DEBUG:py4j.java_gateway:Command to send: j
i
rj
org.apache.spark.api.python.*
e

DEBUG:py4j.java_gateway:Answer received: !yv
DEBUG:py4j.java_gateway:Command to send: j
i
rj
org.apache.spark.ml.python.*
e

DEBUG:py4j.java_gateway:Answer received: !yv
DEBUG:py4j.java_gateway:Command to send: j
i
rj
org.apache.spark.mllib.api.python.*
e

DEBUG:py4j.java_gateway:Answer received: !yv
DEBUG:py4j.java_gateway:Command to send: j
i
rj
org.apache.spark.sql.*
e

DEBUG:py4j.java_gateway:Answer received: !yv
DEBUG:py4j.java_gateway:Command to send: j
i
rj
org.apache.spark.sql.hive.*
e

DEBUG:py4j.java_gateway:Answer received: !yv
DEBUG:py4j.java_gateway:Command to send: j
i
rj
scala.Tuple2
e

DEBUG:py4j.java_gateway:Answer received: !yv
DEBUG:py4j.java_gateway:Command to send: r
u
SparkConf
rj
e

DEBUG:py4j.java_gateway:Answer received: !ycorg.apache.spark.SparkConf
DEBUG:py4j.java_gateway:Command to send: i
org.apache.spark.SparkConf
bTrue
e

DEBUG:py4j.java_gateway:Answer received: !yro0
DEBUG:py4j.java_gateway:Command to send: c
o0
set
sspark.app.name
swhat is popular
e

DEBUG:py4j.java_gateway:Answer received: !yro1
DEBUG:py4j.java_gateway:Command to send: m
d
o1
e

DEBUG:py4j.java_gateway:Answer received: !yv
DEBUG:py4j.java_gateway:Command to send: c
o0
contains
sspark.serializer.objectStreamReset
e

DEBUG:py4j.java_gateway:Answer received: !ybfalse
DEBUG:py4j.java_gateway:Command to send: c
o0
set
sspark.serializer.objectStreamReset
s100
e

DEBUG:py4j.java_gateway:Answer received: !yro2
DEBUG:py4j.java_gateway:Command to send: m
d
o2
e

DEBUG:py4j.java_gateway:Answer received: !yv
DEBUG:py4j.java_gateway:Command to send: c
o0
contains
sspark.rdd.compress
e

DEBUG:py4j.java_gateway:Answer received: !ybfalse
DEBUG:py4j.java_gateway:Command to send: c
o0
set
sspark.rdd.compress
sTrue
e

DEBUG:py4j.java_gateway:Answer received: !yro3
DEBUG:py4j.java_gateway:Command to send: m
d
o3
e

DEBUG:py4j.java_gateway:Answer received: !yv
DEBUG:py4j.java_gateway:Command to send: c
o0
contains
sspark.master
e

DEBUG:py4j.java_gateway:Answer received: !ybtrue
DEBUG:py4j.java_gateway:Command to send: c
o0
contains
sspark.app.name
e

DEBUG:py4j.java_gateway:Answer received: !ybtrue
DEBUG:py4j.java_gateway:Command to send: c
o0
contains
sspark.master
e

DEBUG:py4j.java_gateway:Answer received: !ybtrue
DEBUG:py4j.java_gateway:Command to send: c
o0
get
sspark.master
e

DEBUG:py4j.java_gateway:Answer received: !yslocal[*]
DEBUG:py4j.java_gateway:Command to send: c
o0
contains
sspark.app.name
e

DEBUG:py4j.java_gateway:Answer received: !ybtrue
DEBUG:py4j.java_gateway:Command to send: c
o0
get
sspark.app.name
e

DEBUG:py4j.java_gateway:Answer received: !yswhat is popular
DEBUG:py4j.java_gateway:Command to send: c
o0
contains
sspark.home
e

DEBUG:py4j.java_gateway:Answer received: !ybfalse
DEBUG:py4j.java_gateway:Command to send: c
o0
getAll
e

DEBUG:py4j.java_gateway:Answer received: !yto4
DEBUG:py4j.java_gateway:Command to send: a
e
o4
e

DEBUG:py4j.java_gateway:Answer received: !yi6
DEBUG:py4j.java_gateway:Command to send: a
g
o4
i0
e

DEBUG:py4j.java_gateway:Answer received: !yro5
DEBUG:py4j.java_gateway:Command to send: c
o5
_1
e

DEBUG:py4j.java_gateway:Answer received: !ysspark.files
DEBUG:py4j.java_gateway:Command to send: c
o5
_2
e

DEBUG:py4j.java_gateway:Answer received: !ysfile:/home/tutn6/Desktop/engine_recommendation.git/trunk/recommendation_engine/what_is_popular.py
DEBUG:py4j.java_gateway:Command to send: a
e
o4
e

DEBUG:py4j.java_gateway:Answer received: !yi6
DEBUG:py4j.java_gateway:Command to send: a
g
o4
i1
e

DEBUG:py4j.java_gateway:Answer received: !yro6
DEBUG:py4j.java_gateway:Command to send: c
o6
_1
e

DEBUG:py4j.java_gateway:Answer received: !ysspark.rdd.compress
DEBUG:py4j.java_gateway:Command to send: c
o6
_2
e

DEBUG:py4j.java_gateway:Answer received: !ysTrue
DEBUG:py4j.java_gateway:Command to send: a
e
o4
e

DEBUG:py4j.java_gateway:Answer received: !yi6
DEBUG:py4j.java_gateway:Command to send: a
g
o4
i2
e

DEBUG:py4j.java_gateway:Answer received: !yro7
DEBUG:py4j.java_gateway:Command to send: c
o7
_1
e

DEBUG:py4j.java_gateway:Answer received: !ysspark.serializer.objectStreamReset
DEBUG:py4j.java_gateway:Command to send: c
o7
_2
e

DEBUG:py4j.java_gateway:Answer received: !ys100
DEBUG:py4j.java_gateway:Command to send: a
e
o4
e

DEBUG:py4j.java_gateway:Answer received: !yi6
DEBUG:py4j.java_gateway:Command to send: a
g
o4
i3
e

DEBUG:py4j.java_gateway:Answer received: !yro8
DEBUG:py4j.java_gateway:Command to send: c
o8
_1
e

DEBUG:py4j.java_gateway:Answer received: !ysspark.master
DEBUG:py4j.java_gateway:Command to send: c
o8
_2
e

DEBUG:py4j.java_gateway:Answer received: !yslocal[*]
DEBUG:py4j.java_gateway:Command to send: a
e
o4
e

DEBUG:py4j.java_gateway:Answer received: !yi6
DEBUG:py4j.java_gateway:Command to send: a
g
o4
i4
e

DEBUG:py4j.java_gateway:Answer received: !yro9
DEBUG:py4j.java_gateway:Command to send: c
o9
_1
e

DEBUG:py4j.java_gateway:Answer received: !ysspark.app.name
DEBUG:py4j.java_gateway:Command to send: c
o9
_2
e

DEBUG:py4j.java_gateway:Answer received: !yswhat is popular
DEBUG:py4j.java_gateway:Command to send: a
e
o4
e

DEBUG:py4j.java_gateway:Answer received: !yi6
DEBUG:py4j.java_gateway:Command to send: a
g
o4
i5
e

DEBUG:py4j.java_gateway:Answer received: !yro10
DEBUG:py4j.java_gateway:Command to send: c
o10
_1
e

DEBUG:py4j.java_gateway:Answer received: !ysspark.submit.deployMode
DEBUG:py4j.java_gateway:Command to send: c
o10
_2
e

DEBUG:py4j.java_gateway:Answer received: !ysclient
DEBUG:py4j.java_gateway:Command to send: a
e
o4
e

DEBUG:py4j.java_gateway:Answer received: !yi6
DEBUG:py4j.java_gateway:Command to send: m
d
o4
e

DEBUG:py4j.java_gateway:Answer received: !yv
DEBUG:py4j.java_gateway:Command to send: r
u
JavaSparkContext
rj
e

DEBUG:py4j.java_gateway:Answer received: !ycorg.apache.spark.api.java.JavaSparkContext
DEBUG:py4j.java_gateway:Command to send: i
org.apache.spark.api.java.JavaSparkContext
ro0
e

DEBUG:py4j.java_gateway:Answer received: !yro11
DEBUG:py4j.java_gateway:Command to send: c
o11
sc
e

DEBUG:py4j.java_gateway:Answer received: !yro12
DEBUG:py4j.java_gateway:Command to send: c
o12
conf
e

DEBUG:py4j.java_gateway:Answer received: !yro13
DEBUG:py4j.java_gateway:Command to send: r
u
PythonAccumulatorV2
rj
e

DEBUG:py4j.java_gateway:Answer received: !ycorg.apache.spark.api.python.PythonAccumulatorV2
DEBUG:py4j.java_gateway:Command to send: i
org.apache.spark.api.python.PythonAccumulatorV2
s127.0.0.1
i57072
e

DEBUG:py4j.java_gateway:Answer received: !yro14
DEBUG:py4j.java_gateway:Command to send: c
o11
sc
e

DEBUG:py4j.java_gateway:Answer received: !yro15
DEBUG:py4j.java_gateway:Command to send: c
o15
register
ro14
e

DEBUG:py4j.java_gateway:Answer received: !yv
DEBUG:py4j.java_gateway:Command to send: r
u
org
rj
e

DEBUG:py4j.java_gateway:Answer received: !yp
DEBUG:py4j.java_gateway:Command to send: r
u
org.apache
rj
e

DEBUG:py4j.java_gateway:Answer received: !yp
DEBUG:py4j.java_gateway:Command to send: r
u
org.apache.spark
rj
e

DEBUG:py4j.java_gateway:Answer received: !yp
DEBUG:py4j.java_gateway:Command to send: r
u
org.apache.spark.SparkFiles
rj
e

DEBUG:py4j.java_gateway:Answer received: !ycorg.apache.spark.SparkFiles
DEBUG:py4j.java_gateway:Command to send: r
m
org.apache.spark.SparkFiles
getRootDirectory
e

DEBUG:py4j.java_gateway:Answer received: !ym
DEBUG:py4j.java_gateway:Command to send: c
z:org.apache.spark.SparkFiles
getRootDirectory
e

DEBUG:py4j.java_gateway:Answer received: !ys/tmp/spark-3cc82a57-82b5-4111-ad9f-e1aaa830ef8d/userFiles-07c34acd-10cd-48e7-89ca-9bf38c9199ab
DEBUG:py4j.java_gateway:Command to send: c
o13
get
sspark.submit.pyFiles
s
e

DEBUG:py4j.java_gateway:Answer received: !ys
DEBUG:py4j.java_gateway:Command to send: r
u
org
rj
e

DEBUG:py4j.java_gateway:Answer received: !yp
DEBUG:py4j.java_gateway:Command to send: r
u
org.apache
rj
e

DEBUG:py4j.java_gateway:Answer received: !yp
DEBUG:py4j.java_gateway:Command to send: r
u
org.apache.spark
rj
e

DEBUG:py4j.java_gateway:Answer received: !yp
DEBUG:py4j.java_gateway:Command to send: r
u
org.apache.spark.util
rj
e

DEBUG:py4j.java_gateway:Answer received: !yp
DEBUG:py4j.java_gateway:Command to send: r
u
org.apache.spark.util.Utils
rj
e

DEBUG:py4j.java_gateway:Answer received: !ycorg.apache.spark.util.Utils
DEBUG:py4j.java_gateway:Command to send: r
m
org.apache.spark.util.Utils
getLocalDir
e

DEBUG:py4j.java_gateway:Answer received: !ym
DEBUG:py4j.java_gateway:Command to send: c
o11
sc
e

DEBUG:py4j.java_gateway:Answer received: !yro16
DEBUG:py4j.java_gateway:Command to send: c
o16
conf
e

DEBUG:py4j.java_gateway:Answer received: !yro17
DEBUG:py4j.java_gateway:Command to send: c
z:org.apache.spark.util.Utils
getLocalDir
ro17
e

DEBUG:py4j.java_gateway:Answer received: !ys/tmp/spark-3cc82a57-82b5-4111-ad9f-e1aaa830ef8d
DEBUG:py4j.java_gateway:Command to send: r
u
org
rj
e

DEBUG:py4j.java_gateway:Answer received: !yp
DEBUG:py4j.java_gateway:Command to send: r
u
org.apache
rj
e

DEBUG:py4j.java_gateway:Answer received: !yp
DEBUG:py4j.java_gateway:Command to send: r
u
org.apache.spark
rj
e

DEBUG:py4j.java_gateway:Answer received: !yp
DEBUG:py4j.java_gateway:Command to send: r
u
org.apache.spark.util
rj
e

DEBUG:py4j.java_gateway:Answer received: !yp
DEBUG:py4j.java_gateway:Command to send: r
u
org.apache.spark.util.Utils
rj
e

DEBUG:py4j.java_gateway:Answer received: !ycorg.apache.spark.util.Utils
DEBUG:py4j.java_gateway:Command to send: r
m
org.apache.spark.util.Utils
createTempDir
e

DEBUG:py4j.java_gateway:Answer received: !ym
DEBUG:py4j.java_gateway:Command to send: c
z:org.apache.spark.util.Utils
createTempDir
s/tmp/spark-3cc82a57-82b5-4111-ad9f-e1aaa830ef8d
spyspark
e

DEBUG:py4j.java_gateway:Answer received: !yro18
DEBUG:py4j.java_gateway:Command to send: c
o18
getAbsolutePath
e

DEBUG:py4j.java_gateway:Answer received: !ys/tmp/spark-3cc82a57-82b5-4111-ad9f-e1aaa830ef8d/pyspark-07073008-bb36-4636-9019-8874cba02f14
DEBUG:py4j.java_gateway:Command to send: c
o13
get
sspark.python.profile
sfalse
e

DEBUG:py4j.java_gateway:Answer received: !ysfalse
DEBUG:py4j.java_gateway:Command to send: c
o13
set
sspark.app.name
swhat is popular
e

DEBUG:py4j.java_gateway:Answer received: !yro19
DEBUG:py4j.java_gateway:Command to send: m
d
o19
e

DEBUG:py4j.java_gateway:Answer received: !yv
DEBUG:py4j.java_gateway:Command to send: r
u
SparkSession
rj
e

DEBUG:py4j.java_gateway:Answer received: !ycorg.apache.spark.sql.SparkSession
DEBUG:py4j.java_gateway:Command to send: c
o11
sc
e

DEBUG:py4j.java_gateway:Answer received: !yro20
DEBUG:py4j.java_gateway:Command to send: i
org.apache.spark.sql.SparkSession
ro20
e

DEBUG:py4j.java_gateway:Answer received: !yro21
DEBUG:py4j.java_gateway:Command to send: c
o21
sqlContext
e

DEBUG:py4j.java_gateway:Answer received: !yro22
DEBUG:py4j.java_gateway:Command to send: m
d
o0
e

DEBUG:py4j.java_gateway:Answer received: !yv
DEBUG:py4j.java_gateway:Command to send: m
d
o5
e

DEBUG:py4j.java_gateway:Answer received: !yv
DEBUG:py4j.java_gateway:Command to send: m
d
o6
e

DEBUG:py4j.java_gateway:Answer received: !yv
DEBUG:py4j.java_gateway:Command to send: m
d
o7
e

DEBUG:py4j.java_gateway:Answer received: !yv
DEBUG:py4j.java_gateway:Command to send: m
d
o8
e

DEBUG:py4j.java_gateway:Answer received: !yv
DEBUG:py4j.java_gateway:Command to send: m
d
o9
e

DEBUG:py4j.java_gateway:Answer received: !yv
DEBUG:py4j.java_gateway:Command to send: m
d
o10
e

DEBUG:py4j.java_gateway:Answer received: !yv
DEBUG:py4j.java_gateway:Command to send: m
d
o12
e

DEBUG:py4j.java_gateway:Answer received: !yv
DEBUG:py4j.java_gateway:Command to send: m
d
o15
e

DEBUG:py4j.java_gateway:Answer received: !yv
DEBUG:py4j.java_gateway:Command to send: m
d
o16
e

DEBUG:py4j.java_gateway:Answer received: !yv
DEBUG:py4j.java_gateway:Command to send: m
d
o17
e

DEBUG:py4j.java_gateway:Answer received: !yv
DEBUG:py4j.java_gateway:Command to send: m
d
o18
e

DEBUG:py4j.java_gateway:Answer received: !yv
DEBUG:py4j.java_gateway:Command to send: m
d
o20
e

DEBUG:py4j.java_gateway:Answer received: !yv
DEBUG:py4j.java_gateway:Command to send: c
o21
sessionState
e

DEBUG:py4j.java_gateway:Answer received: !yro23
DEBUG:py4j.java_gateway:Command to send: c
o23
conf
e

DEBUG:py4j.java_gateway:Answer received: !yro24
DEBUG:py4j.java_gateway:Command to send: c
o24
setConfString
sspark.app.name
swhat is popular
e

DEBUG:py4j.java_gateway:Answer received: !yv
DEBUG:py4j.java_gateway:Command to send: c
o13
set
sspark.app.name
swhat is popular
e

DEBUG:py4j.java_gateway:Answer received: !yro25
DEBUG:py4j.java_gateway:Command to send: m
d
o25
e

DEBUG:py4j.java_gateway:Answer received: !yv
INFO:last-action-process:+------------------------------------------------------+
INFO:last-action-process:+-----------------------BEGIN PROCESS------------------+
INFO:last-action-process:+------------------------------------------------------+
DEBUG:py4j.java_gateway:Command to send: c
o22
read
e

DEBUG:py4j.java_gateway:Answer received: !yro26
DEBUG:py4j.java_gateway:Command to send: c
o26
format
scom.databricks.spark.csv
e

DEBUG:py4j.java_gateway:Answer received: !yro27
DEBUG:py4j.java_gateway:Command to send: c
o27
option
sheader
strue
e

DEBUG:py4j.java_gateway:Answer received: !yro28
DEBUG:py4j.java_gateway:Command to send: c
o28
load
smeta-data/movies.csv
e

DEBUG:py4j.java_gateway:Answer received: !yro29
DEBUG:py4j.java_gateway:Command to send: c
o29
javaToPython
e

DEBUG:py4j.java_gateway:Answer received: !yro30
DEBUG:py4j.java_gateway:Command to send: c
o30
id
e

DEBUG:py4j.java_gateway:Answer received: !yi11
DEBUG:py4j.java_gateway:Command to send: m
d
o23
e

DEBUG:py4j.java_gateway:Answer received: !yv
DEBUG:py4j.java_gateway:Command to send: m
d
o24
e

DEBUG:py4j.java_gateway:Answer received: !yv
DEBUG:py4j.java_gateway:Command to send: m
d
o26
e

DEBUG:py4j.java_gateway:Answer received: !yv
DEBUG:py4j.java_gateway:Command to send: m
d
o27
e

DEBUG:py4j.java_gateway:Answer received: !yv
DEBUG:py4j.java_gateway:Command to send: m
d
o28
e

DEBUG:py4j.java_gateway:Answer received: !yv
DEBUG:py4j.java_gateway:Command to send: m
d
o29
e

DEBUG:py4j.java_gateway:Answer received: !yv
DEBUG:py4j.java_gateway:Command to send: m
d
o11
e

DEBUG:py4j.java_gateway:Answer received: !yv
DEBUG:py4j.java_gateway:Command to send: m
d
o14
e

DEBUG:py4j.java_gateway:Answer received: !yv
DEBUG:py4j.java_gateway:Command to send: m
d
o21
e

DEBUG:py4j.java_gateway:Answer received: !yv
DEBUG:py4j.java_gateway:Command to send: m
d
o22
e

DEBUG:py4j.java_gateway:Answer received: !yv
DEBUG:py4j.java_gateway:Command to send: m
d
o13
e

DEBUG:py4j.java_gateway:Answer received: !yv
DEBUG:py4j.java_gateway:Command to send: m
d
o30
e

DEBUG:py4j.java_gateway:Answer received: !yv
